<?xml version="1.0" encoding="UTF-8"?>
<!-- Generated by org.testng.reporters.JUnitReportReporter -->
<testsuite hostname="Sureshs-MacBook-Pro.local" failures="0" tests="6" name="salesforcetest.salesforce_login" time="61.424" errors="0" timestamp="2023-02-20T09:07:39 PST" skipped="0">
  <testcase classname="salesforcetest.salesforce_login" name="wrong_details" time="16.080"/>
  <system-out/>
  <testcase classname="salesforcetest.salesforce_login" name="returnfromhome" time="12.078"/>
  <system-out/>
  <testcase classname="salesforcetest.salesforce_login" name="loginwrong" time="5.115"/>
  <system-out/>
  <testcase classname="salesforcetest.salesforce_login" name="login" time="11.334"/>
  <system-out/>
  <testcase classname="salesforcetest.salesforce_login" name="remberbox" time="12.060"/>
  <system-out/>
  <testcase classname="salesforcetest.salesforce_login" name="forgotpassword" time="4.757"/>
  <system-out/>
</testsuite> <!-- salesforcetest.salesforce_login -->
